Active-HDL 15.0.261.9132 2025-10-22 12:23:13

Elaboration top modules:
Architecture                  TestBench(TestBench)


------------------------------------------------------------------------------------------------------
Entity            | Architecture | Library   | Info | Compiler Version          | Compilation Options
------------------------------------------------------------------------------------------------------
TestBench         | TestBench    | opdracht2 |      | 15.0.261.9132 (Windows64) | -O3
genericClockDelay | behaviour    | opdracht2 |      | 15.0.261.9132 (Windows64) | -O3
------------------------------------------------------------------------------------------------------

------------------------------------------------------------------------------------------------------
VHDL Package                     | Library   | Info | Compiler Version          | Compilation Options
------------------------------------------------------------------------------------------------------
standard                         | std       |      |                           | <unavailable>
TEXTIO                           | std       |      | 15.0.261.9132 (Windows64) |  -2019
std_logic_1164                   | ieee      |      | 15.0.261.9132 (Windows64) |  -2008
Assignment2Package               | opdracht2 |      | 15.0.261.9132 (Windows64) | -O3
------------------------------------------------------------------------------------------------------

------------------------------------------------------------------------------------------------------
Library                          | Comment
------------------------------------------------------------------------------------------------------
ieee                             | Standard IEEE packages library
opdracht2                        | None
std                              | Standard VHDL library
------------------------------------------------------------------------------------------------------
