# ELBREAD: Elaboration process.
# ELBREAD: Elaboration time 0.0 [s].
asim -i 50000 -O5 +access +r +m+testbench testbench testbench
# ELBREAD: Elaboration process.
# ELBREAD: Elaboration time 0.0 [s].
# VSIM: Stack memory: 32MB
# VSIM: Retval memory: 32MB
# 
# KERNEL: Main thread initiated.
# KERNEL: Kernel process initialization phase.
# ELAB2: Elaboration final pass...
# ELAB2: Create instances ...
# KERNEL: Time resolution set to 1ps.
# ELAB2: Create instances complete.
# SLP: Started
# SLP: Elaboration phase ...
# SLP: Elaboration phase ... skipped, nothing to simulate in SLP mode : 0.0 [s]
# SLP: Finished : 0.0 [s]
# ELAB2: Elaboration final pass complete - time: 0.0 [s].
# KERNEL: Warning: You are using the Active-HDL Student Edition. The performance of simulation is running at a reduced rate.
# KERNEL: Warning: Contact Aldec for available upgrade options - sales@aldec.com.
# KERNEL: Kernel process initialization done.
# Allocation: Simulator allocated 6421 kB (elbread=427 elab2=5855 kernel=139 sdf=0)
# KERNEL: ASDB file was created in location C:\Users\Marlo van Gulik\Documents\School\Y2\dig\lab\VHDL\opdracht_assignment2\simulatie\src\wave.asdb
#  12:14, Wednesday, 22 October 2025
#  Simulation has been initialized
# VSIM: 1 object(s) traced.
# Waveform file 'untitled.awc' connected to 'C:/Users/Marlo van Gulik/Documents/School/Y2/dig/lab/VHDL/opdracht_assignment2/simulatie/src/wave.asdb'.
# VSIM: 1 object(s) traced.
# VSIM: 1 object(s) traced.
run
endsim
# KERNEL: stopped at time: 5891580 ns
# VSIM: Simulation has finished.
# ELBREAD: Elaboration process.
# ELBREAD: Elaboration time 0.0 [s].
asim -i 50000 -O5 +access +r +m+genericclockdelay genericclockdelay behaviour
# ELBREAD: Elaboration process.
# ELBREAD: Elaboration time 0.0 [s].
# VSIM: Stack memory: 32MB
# VSIM: Retval memory: 32MB
# 
# KERNEL: Main thread initiated.
# KERNEL: Kernel process initialization phase.
# ELAB2: Elaboration final pass...
# ELAB2: Create instances ...
# KERNEL: Time resolution set to 1ps.
# ELAB2: Create instances complete.
# SLP: Started
# SLP: Elaboration phase ...
# SLP: Elaboration phase ... skipped, nothing to simulate in SLP mode : 0.0 [s]
# SLP: Finished : 0.0 [s]
# ELAB2: Elaboration final pass complete - time: 0.0 [s].
# KERNEL: Warning: You are using the Active-HDL Student Edition. The performance of simulation is running at a reduced rate.
# KERNEL: Warning: Contact Aldec for available upgrade options - sales@aldec.com.
# KERNEL: Kernel process initialization done.
# Allocation: Simulator allocated 5397 kB (elbread=427 elab2=4831 kernel=139 sdf=0)
# KERNEL: ASDB file was created in location C:\Users\Marlo van Gulik\Documents\School\Y2\dig\lab\VHDL\opdracht_assignment2\simulatie\src\wave.asdb
#  12:22, Wednesday, 22 October 2025
#  Simulation has been initialized
# ELBREAD: Elaboration process.
# ELBREAD: Elaboration time 0.0 [s].
